{"C:\\Users\\adria\\OneDrive\\Universitet\\2023V\\TDT4242 AvaPU\\Exercise 3\\APU_exercise_3\\open-weather-api\\open-weather-api-service.js": {"path":"C:\\Users\\adria\\OneDrive\\Universitet\\2023V\\TDT4242 AvaPU\\Exercise 3\\APU_exercise_3\\open-weather-api\\open-weather-api-service.js","statementMap":{"0":{"start":{"line":2,"column":12},"end":{"line":2,"column":28}},"1":{"start":{"line":11,"column":20},"end":{"line":11,"column":54}},"2":{"start":{"line":17,"column":29},"end":{"line":51,"column":8}},"3":{"start":{"line":24,"column":25},"end":{"line":24,"column":69}},"4":{"start":{"line":26,"column":8},"end":{"line":26,"column":149}},"5":{"start":{"line":32,"column":34},"end":{"line":32,"column":36}},"6":{"start":{"line":33,"column":8},"end":{"line":33,"column":51}},"7":{"start":{"line":34,"column":8},"end":{"line":34,"column":73}},"8":{"start":{"line":35,"column":8},"end":{"line":35,"column":89}},"9":{"start":{"line":36,"column":8},"end":{"line":36,"column":35}},"10":{"start":{"line":39,"column":8},"end":{"line":39,"column":54}},"11":{"start":{"line":40,"column":8},"end":{"line":48,"column":9}},"12":{"start":{"line":41,"column":10},"end":{"line":41,"column":43}},"13":{"start":{"line":42,"column":10},"end":{"line":42,"column":45}},"14":{"start":{"line":43,"column":10},"end":{"line":43,"column":46}},"15":{"start":{"line":44,"column":15},"end":{"line":48,"column":9}},"16":{"start":{"line":45,"column":10},"end":{"line":45,"column":37}},"17":{"start":{"line":47,"column":10},"end":{"line":47,"column":49}},"18":{"start":{"line":49,"column":8},"end":{"line":49,"column":34}},"19":{"start":{"line":50,"column":8},"end":{"line":50,"column":15}},"20":{"start":{"line":52,"column":6},"end":{"line":52,"column":28}},"21":{"start":{"line":56,"column":0},"end":{"line":56,"column":39}}},"fnMap":{"0":{"name":"(anonymous_0)","decl":{"start":{"line":16,"column":4},"end":{"line":16,"column":5}},"loc":{"start":{"line":16,"column":31},"end":{"line":53,"column":5}},"line":16},"1":{"name":"(anonymous_1)","decl":{"start":{"line":20,"column":12},"end":{"line":20,"column":13}},"loc":{"start":{"line":20,"column":24},"end":{"line":27,"column":7}},"line":20},"2":{"name":"(anonymous_2)","decl":{"start":{"line":28,"column":12},"end":{"line":28,"column":13}},"loc":{"start":{"line":28,"column":24},"end":{"line":37,"column":7}},"line":28},"3":{"name":"(anonymous_3)","decl":{"start":{"line":38,"column":13},"end":{"line":38,"column":14}},"loc":{"start":{"line":38,"column":30},"end":{"line":51,"column":7}},"line":38}},"branchMap":{"0":{"loc":{"start":{"line":40,"column":8},"end":{"line":48,"column":9}},"type":"if","locations":[{"start":{"line":40,"column":8},"end":{"line":48,"column":9}},{"start":{"line":44,"column":15},"end":{"line":48,"column":9}}],"line":40},"1":{"loc":{"start":{"line":44,"column":15},"end":{"line":48,"column":9}},"type":"if","locations":[{"start":{"line":44,"column":15},"end":{"line":48,"column":9}},{"start":{"line":46,"column":15},"end":{"line":48,"column":9}}],"line":44}},"s":{"0":2,"1":2,"2":9,"3":9,"4":9,"5":9,"6":9,"7":9,"8":9,"9":9,"10":0,"11":0,"12":0,"13":0,"14":0,"15":0,"16":0,"17":0,"18":0,"19":0,"20":9,"21":2},"f":{"0":9,"1":9,"2":9,"3":0},"b":{"0":[0,0],"1":[0,0]},"_coverageSchema":"1a1c01bbd47fc00a2c39e90264f33305004495a9","hash":"6c7368d550a8d7fec5c9606914c8cb9169d80a7e"}
,"C:\\Users\\adria\\OneDrive\\Universitet\\2023V\\TDT4242 AvaPU\\Exercise 3\\APU_exercise_3\\server\\app.js": {"path":"C:\\Users\\adria\\OneDrive\\Universitet\\2023V\\TDT4242 AvaPU\\Exercise 3\\APU_exercise_3\\server\\app.js","statementMap":{"0":{"start":{"line":10,"column":12},"end":{"line":10,"column":21}},"1":{"start":{"line":12,"column":0},"end":{"line":12,"column":23}},"2":{"start":{"line":13,"column":0},"end":{"line":13,"column":24}},"3":{"start":{"line":14,"column":0},"end":{"line":14,"column":49}},"4":{"start":{"line":15,"column":0},"end":{"line":15,"column":24}},"5":{"start":{"line":16,"column":0},"end":{"line":16,"column":59}},"6":{"start":{"line":18,"column":0},"end":{"line":18,"column":35}}},"fnMap":{},"branchMap":{},"s":{"0":2,"1":2,"2":2,"3":2,"4":2,"5":2,"6":2},"f":{},"b":{},"_coverageSchema":"1a1c01bbd47fc00a2c39e90264f33305004495a9","hash":"59290533fa82f173253fb56988540a08b3674efa"}
,"C:\\Users\\adria\\OneDrive\\Universitet\\2023V\\TDT4242 AvaPU\\Exercise 3\\APU_exercise_3\\server\\routes\\weather.js": {"path":"C:\\Users\\adria\\OneDrive\\Universitet\\2023V\\TDT4242 AvaPU\\Exercise 3\\APU_exercise_3\\server\\routes\\weather.js","statementMap":{"0":{"start":{"line":2,"column":30},"end":{"line":2,"column":91}},"1":{"start":{"line":4,"column":13},"end":{"line":4,"column":36}},"2":{"start":{"line":5,"column":15},"end":{"line":5,"column":31}},"3":{"start":{"line":6,"column":23},"end":{"line":6,"column":25}},"4":{"start":{"line":7,"column":17},"end":{"line":7,"column":20}},"5":{"start":{"line":10,"column":2},"end":{"line":13,"column":3}},"6":{"start":{"line":11,"column":4},"end":{"line":11,"column":33}},"7":{"start":{"line":12,"column":4},"end":{"line":12,"column":55}},"8":{"start":{"line":14,"column":2},"end":{"line":14,"column":53}},"9":{"start":{"line":15,"column":2},"end":{"line":15,"column":76}},"10":{"start":{"line":16,"column":2},"end":{"line":16,"column":29}},"11":{"start":{"line":46,"column":0},"end":{"line":72,"column":3}},"12":{"start":{"line":47,"column":19},"end":{"line":47,"column":34}},"13":{"start":{"line":49,"column":21},"end":{"line":49,"column":46}},"14":{"start":{"line":50,"column":28},"end":{"line":50,"column":59}},"15":{"start":{"line":51,"column":2},"end":{"line":69,"column":4}},"16":{"start":{"line":52,"column":4},"end":{"line":68,"column":5}},"17":{"start":{"line":53,"column":6},"end":{"line":53,"column":92}},"18":{"start":{"line":54,"column":6},"end":{"line":54,"column":55}},"19":{"start":{"line":55,"column":6},"end":{"line":55,"column":31}},"20":{"start":{"line":56,"column":6},"end":{"line":63,"column":7}},"21":{"start":{"line":57,"column":8},"end":{"line":57,"column":51}},"22":{"start":{"line":58,"column":8},"end":{"line":58,"column":81}},"23":{"start":{"line":60,"column":8},"end":{"line":60,"column":53}},"24":{"start":{"line":61,"column":8},"end":{"line":61,"column":56}},"25":{"start":{"line":62,"column":8},"end":{"line":62,"column":58}},"26":{"start":{"line":65,"column":6},"end":{"line":65,"column":66}},"27":{"start":{"line":66,"column":6},"end":{"line":66,"column":31}},"28":{"start":{"line":67,"column":6},"end":{"line":67,"column":65}},"29":{"start":{"line":74,"column":0},"end":{"line":95,"column":3}},"30":{"start":{"line":76,"column":27},"end":{"line":76,"column":29}},"31":{"start":{"line":77,"column":2},"end":{"line":77,"column":29}},"32":{"start":{"line":78,"column":2},"end":{"line":93,"column":3}},"33":{"start":{"line":80,"column":4},"end":{"line":84,"column":5}},"34":{"start":{"line":80,"column":17},"end":{"line":80,"column":34}},"35":{"start":{"line":82,"column":6},"end":{"line":82,"column":72}},"36":{"start":{"line":85,"column":9},"end":{"line":93,"column":3}},"37":{"start":{"line":87,"column":4},"end":{"line":90,"column":5}},"38":{"start":{"line":87,"column":17},"end":{"line":87,"column":34}},"39":{"start":{"line":88,"column":6},"end":{"line":88,"column":72}},"40":{"start":{"line":92,"column":4},"end":{"line":92,"column":57}},"41":{"start":{"line":94,"column":2},"end":{"line":94,"column":57}}},"fnMap":{"0":{"name":"handleCache","decl":{"start":{"line":9,"column":9},"end":{"line":9,"column":20}},"loc":{"start":{"line":9,"column":54},"end":{"line":17,"column":1}},"line":9},"1":{"name":"(anonymous_1)","decl":{"start":{"line":46,"column":21},"end":{"line":46,"column":22}},"loc":{"start":{"line":46,"column":40},"end":{"line":72,"column":1}},"line":46},"2":{"name":"(anonymous_2)","decl":{"start":{"line":51,"column":27},"end":{"line":51,"column":28}},"loc":{"start":{"line":51,"column":42},"end":{"line":69,"column":3}},"line":51},"3":{"name":"(anonymous_3)","decl":{"start":{"line":74,"column":16},"end":{"line":74,"column":17}},"loc":{"start":{"line":74,"column":35},"end":{"line":95,"column":1}},"line":74}},"branchMap":{"0":{"loc":{"start":{"line":10,"column":2},"end":{"line":13,"column":3}},"type":"if","locations":[{"start":{"line":10,"column":2},"end":{"line":13,"column":3}},{"start":{},"end":{}}],"line":10},"1":{"loc":{"start":{"line":52,"column":4},"end":{"line":68,"column":5}},"type":"if","locations":[{"start":{"line":52,"column":4},"end":{"line":68,"column":5}},{"start":{"line":64,"column":11},"end":{"line":68,"column":5}}],"line":52},"2":{"loc":{"start":{"line":56,"column":6},"end":{"line":63,"column":7}},"type":"if","locations":[{"start":{"line":56,"column":6},"end":{"line":63,"column":7}},{"start":{"line":59,"column":13},"end":{"line":63,"column":7}}],"line":56},"3":{"loc":{"start":{"line":78,"column":2},"end":{"line":93,"column":3}},"type":"if","locations":[{"start":{"line":78,"column":2},"end":{"line":93,"column":3}},{"start":{"line":85,"column":9},"end":{"line":93,"column":3}}],"line":78},"4":{"loc":{"start":{"line":85,"column":9},"end":{"line":93,"column":3}},"type":"if","locations":[{"start":{"line":85,"column":9},"end":{"line":93,"column":3}},{"start":{"line":91,"column":9},"end":{"line":93,"column":3}}],"line":85}},"s":{"0":2,"1":2,"2":2,"3":2,"4":2,"5":8,"6":1,"7":1,"8":8,"9":8,"10":8,"11":2,"12":9,"13":9,"14":9,"15":9,"16":9,"17":8,"18":8,"19":8,"20":8,"21":0,"22":0,"23":8,"24":8,"25":8,"26":1,"27":1,"28":1,"29":2,"30":6,"31":6,"32":6,"33":3,"34":3,"35":9,"36":3,"37":2,"38":2,"39":3,"40":1,"41":6},"f":{"0":8,"1":9,"2":9,"3":6},"b":{"0":[1,7],"1":[8,1],"2":[0,8],"3":[3,3],"4":[2,1]},"_coverageSchema":"1a1c01bbd47fc00a2c39e90264f33305004495a9","hash":"d9c83a1d586bc65eff26cbfabfe57dd50991dd2f"}
}
