TN:
SF:open-weather-api\open-weather-api-service.js
FN:16,(anonymous_0)
FN:20,(anonymous_1)
FN:28,(anonymous_2)
FN:38,(anonymous_3)
FNF:4
FNH:3
FNDA:9,(anonymous_0)
FNDA:9,(anonymous_1)
FNDA:9,(anonymous_2)
FNDA:0,(anonymous_3)
DA:2,2
DA:11,2
DA:17,9
DA:24,9
DA:26,9
DA:32,9
DA:33,9
DA:34,9
DA:35,9
DA:36,9
DA:39,0
DA:40,0
DA:41,0
DA:42,0
DA:43,0
DA:44,0
DA:45,0
DA:47,0
DA:49,0
DA:50,0
DA:52,9
DA:56,2
LF:22
LH:12
BRDA:40,0,0,0
BRDA:40,0,1,0
BRDA:44,1,0,0
BRDA:44,1,1,0
BRF:4
BRH:0
end_of_record
TN:
SF:server\app.js
FNF:0
FNH:0
DA:10,2
DA:12,2
DA:13,2
DA:14,2
DA:15,2
DA:16,2
DA:18,2
LF:7
LH:7
BRF:0
BRH:0
end_of_record
TN:
SF:server\routes\weather.js
FN:9,handleCache
FN:46,(anonymous_1)
FN:51,(anonymous_2)
FN:74,(anonymous_3)
FNF:4
FNH:4
FNDA:8,handleCache
FNDA:9,(anonymous_1)
FNDA:9,(anonymous_2)
FNDA:6,(anonymous_3)
DA:2,2
DA:4,2
DA:5,2
DA:6,2
DA:7,2
DA:10,8
DA:11,1
DA:12,1
DA:14,8
DA:15,8
DA:16,8
DA:46,2
DA:47,9
DA:49,9
DA:50,9
DA:51,9
DA:52,9
DA:53,8
DA:54,8
DA:55,8
DA:56,8
DA:57,0
DA:58,0
DA:60,8
DA:61,8
DA:62,8
DA:65,1
DA:66,1
DA:67,1
DA:74,2
DA:76,6
DA:77,6
DA:78,6
DA:80,3
DA:82,9
DA:85,3
DA:87,2
DA:88,3
DA:92,1
DA:94,6
LF:40
LH:38
BRDA:10,0,0,1
BRDA:10,0,1,7
BRDA:52,1,0,8
BRDA:52,1,1,1
BRDA:56,2,0,0
BRDA:56,2,1,8
BRDA:78,3,0,3
BRDA:78,3,1,3
BRDA:85,4,0,2
BRDA:85,4,1,1
BRF:10
BRH:9
end_of_record
